Arguments: 
  C:\Program Files\nodejs\node.exe C:\Users\real_\AppData\Roaming\npm\node_modules\yarn\bin\yarn.js init

PATH: 
  C:\Program Files\Common Files\Oracle\Java\javapath;C:\ProgramData\Oracle\Java\javapath;C:\Program Files (x86)\Common Files\Intel\Shared Files\cpp\bin\Intel64;C:\Windows\system32;C:\Windows;C:\Windows\System32\Wbem;C:\Windows\System32\WindowsPowerShell\v1.0\;C:\Windows\System32\OpenSSH\;C:\Program Files\Git\cmd;C:\Program Files\PuTTY\;C:\Program Files\nodejs\;C:\Program Files\Go\bin;C:\Users\real_\.cargo\bin;C:\Users\real_\AppData\Local\Microsoft\WindowsApps;C:\Users\real_\AppData\Local\Programs\Microsoft VS Code\bin;C:\sampctl;C:\Users\real_\AppData\Roaming\npm;C:\deno;C:\ngrok;C:\youtubedl;C:\Program Files\MongoDB\Server\5.0\bin;C:\Users\real_\go\bin;C:\redis;

Yarn version: 
  1.22.15

Node version: 
  16.10.0

Platform: 
  win32 x64

Trace: 
  Error: canceled
      at Interface.<anonymous> (C:\Users\real_\AppData\Roaming\npm\node_modules\yarn\lib\cli.js:137145:13)
      at Interface.emit (node:events:390:28)
      at Interface._ttyWrite (node:readline:1081:16)
      at ReadStream.onkeypress (node:readline:288:10)
      at ReadStream.emit (node:events:390:28)
      at emitKeys (node:internal/readline/utils:358:14)
      at emitKeys.next (<anonymous>)
      at ReadStream.onData (node:internal/readline/emitKeypressEvents:61:36)
      at ReadStream.emit (node:events:390:28)
      at addChunk (node:internal/streams/readable:315:12)

npm manifest: 
  No manifest

yarn manifest: 
  No manifest

Lockfile: 
  No lockfile
